sample/main/main-plugin-b/build/outputs/apk/manifest-merger-debug-report.txt
-- Merging decision tree log ---
manifest
ADDED from AndroidManifest.xml:2:1
	package
		ADDED from AndroidManifest.xml:3:5
	android:versionName
		ADDED from AndroidManifest.xml:5:5
	android:versionCode
		ADDED from AndroidManifest.xml:4:5
		INJECTED from AndroidManifest.xml:0:0
		INJECTED from AndroidManifest.xml:0:0
	xmlns:android
		ADDED from AndroidManifest.xml:2:11
uses-sdk
ADDED from AndroidManifest.xml:7:5
MERGED from DynamicLoadApk:lib:unspecified:7:5
	android:targetSdkVersion
		ADDED from AndroidManifest.xml:9:9
		INJECTED from AndroidManifest.xml:0:0
		INJECTED from AndroidManifest.xml:0:0
	android:minSdkVersion
		ADDED from AndroidManifest.xml:8:9
		INJECTED from AndroidManifest.xml:0:0
		INJECTED from AndroidManifest.xml:0:0
application
ADDED from AndroidManifest.xml:11:5
MERGED from DynamicLoadApk:lib:unspecified:11:5
	android:label
		ADDED from AndroidManifest.xml:14:9
	android:debuggable
		ADDED from AndroidManifest.xml:16:9
	android:allowBackup
		ADDED from AndroidManifest.xml:12:9
	android:icon
		ADDED from AndroidManifest.xml:13:9
	android:theme
		ADDED from AndroidManifest.xml:15:9
activity#com.ryg.dynamicload.sample.mainpluginb.MainActivity
ADDED from AndroidManifest.xml:17:9
	android:label
		ADDED from AndroidManifest.xml:19:13
	android:name
		ADDED from AndroidManifest.xml:18:13
intent-filter#android.intent.action.MAIN+android.intent.category.LAUNCHER
ADDED from AndroidManifest.xml:20:13
action#android.intent.action.MAIN
ADDED from AndroidManifest.xml:21:17
	android:name
		ADDED from AndroidManifest.xml:21:25
category#android.intent.category.LAUNCHER
ADDED from AndroidManifest.xml:23:17
	android:name
		ADDED from AndroidManifest.xml:23:27
service#com.ryg.dynamicload.sample.mainpluginb.Service1
ADDED from AndroidManifest.xml:27:9
	android:process
		ADDED from AndroidManifest.xml:27:81
	android:name
		ADDED from AndroidManifest.xml:27:18
service#com.ryg.dynamicload.sample.mainpluginb.Service2
ADDED from AndroidManifest.xml:28:9
	android:process
		ADDED from AndroidManifest.xml:28:81
	android:name
		ADDED from AndroidManifest.xml:28:18
service#com.ryg.dynamicload.sample.mainpluginb.Service3
ADDED from AndroidManifest.xml:29:9
	android:process
		ADDED from AndroidManifest.xml:29:81
	android:name
		ADDED from AndroidManifest.xml:29:18
service#com.ryg.dynamicload.sample.mainpluginb.Service4
ADDED from AndroidManifest.xml:30:9
	android:process
		ADDED from AndroidManifest.xml:30:81
	android:name
		ADDED from AndroidManifest.xml:30:18